<?xml version="1.0" encoding="UTF-8"?>
<testsuite xmlns:xsi="http://www.w3.org/2001/XMLSchema-instance" xsi:noNamespaceSchemaLocation="https://maven.apache.org/surefire/maven-surefire-plugin/xsd/surefire-test-report-3.0.xsd" version="3.0" name="com.in28minutes.microservices.userservice.UserServiceApplicationTests" time="6.904" tests="1" errors="0" skipped="0" failures="0">
  <properties>
[...]
</properties>
  <testcase name="contextLoads" classname="com.in28minutes.microservices.userservice.UserServiceApplicationTests" time="1.248">
    <system-out><![CDATA[18:27:51.666 [main] INFO org.springframework.test.context.support.AnnotationConfigContextLoaderUtils -- Could not detect default configuration classes for test class [com.in28minutes.microservices.userservice.UserServiceApplicationTests]: UserServiceApplicationTests does not declare any static, non-private, non-final, nested classes annotated with @Configuration.
18:27:51.879 [main] INFO org.springframework.boot.test.context.SpringBootTestContextBootstrapper -- Found @SpringBootConfiguration com.in28minutes.microservices.userservice.UserServiceApplication for test class com.in28minutes.microservices.userservice.UserServiceApplicationTests
18:27:52.224 [main] INFO org.springframework.boot.devtools.restart.RestartApplicationListener -- Restart disabled due to context in which it is running

  .   ____          _            __ _ _
 /\\ / ___'_ __ _ _(_)_ __  __ _ \ \ \ \
( ( )\___ | '_ | '_| | '_ \/ _` | \ \ \ \
 \\/  ___)| |_)| | | | | || (_| |  ) ) ) )
  '  |____| .__|_| |_|_| |_\__, | / / / /
 =========|_|==============|___/=/_/_/_/
 :: Spring Boot ::                (v3.2.1)

2024-01-08T18:27:53.496+02:00  INFO 20880 --- [user-service] [           main] c.i.m.u.UserServiceApplicationTests      : Starting UserServiceApplicationTests using Java 17.0.9 with PID 20880 (started by rahul in C:\Users\rahul\git\spring-boot-microservices-learning\user-service\user-service)
2024-01-08T18:27:53.500+02:00  INFO 20880 --- [user-service] [           main] c.i.m.u.UserServiceApplicationTests      : No active profile set, falling back to 1 default profile: "default"
2024-01-08T18:27:53.551+02:00  INFO 20880 --- [user-service] [           main] o.s.c.c.c.ConfigServerConfigDataLoader   : Fetching config from server at : http://localhost:8888
2024-01-08T18:27:53.551+02:00  INFO 20880 --- [user-service] [           main] o.s.c.c.c.ConfigServerConfigDataLoader   : Exception on Url - http://localhost:8888:org.springframework.web.client.ResourceAccessException: I/O error on GET request for "http://localhost:8888/user-service/dev": Connection refused: no further information. Will be trying the next url if available
2024-01-08T18:27:53.551+02:00  WARN 20880 --- [user-service] [           main] o.s.c.c.c.ConfigServerConfigDataLoader   : Could not locate PropertySource ([ConfigServerConfigDataResource@7ea899a9 uris = array<String>['http://localhost:8888'], optional = true, profiles = 'dev']): I/O error on GET request for "http://localhost:8888/user-service/dev": Connection refused: no further information
2024-01-08T18:27:53.551+02:00  INFO 20880 --- [user-service] [           main] o.s.c.c.c.ConfigServerConfigDataLoader   : Fetching config from server at : http://localhost:8888
2024-01-08T18:27:53.551+02:00  INFO 20880 --- [user-service] [           main] o.s.c.c.c.ConfigServerConfigDataLoader   : Exception on Url - http://localhost:8888:org.springframework.web.client.ResourceAccessException: I/O error on GET request for "http://localhost:8888/user-service/dev": Connection refused: no further information. Will be trying the next url if available
2024-01-08T18:27:53.552+02:00  WARN 20880 --- [user-service] [           main] o.s.c.c.c.ConfigServerConfigDataLoader   : Could not locate PropertySource ([ConfigServerConfigDataResource@7c129ef6 uris = array<String>['http://localhost:8888'], optional = true, profiles = 'dev']): I/O error on GET request for "http://localhost:8888/user-service/dev": Connection refused: no further information
2024-01-08T18:27:53.552+02:00  INFO 20880 --- [user-service] [           main] o.s.c.c.c.ConfigServerConfigDataLoader   : Fetching config from server at : http://localhost:8888
2024-01-08T18:27:53.552+02:00  INFO 20880 --- [user-service] [           main] o.s.c.c.c.ConfigServerConfigDataLoader   : Exception on Url - http://localhost:8888:org.springframework.web.client.ResourceAccessException: I/O error on GET request for "http://localhost:8888/user-service/dev": Connection refused: no further information. Will be trying the next url if available
2024-01-08T18:27:53.552+02:00  WARN 20880 --- [user-service] [           main] o.s.c.c.c.ConfigServerConfigDataLoader   : Could not locate PropertySource ([ConfigServerConfigDataResource@42d73c61 uris = array<String>['http://localhost:8888'], optional = true, profiles = 'dev']): I/O error on GET request for "http://localhost:8888/user-service/dev": Connection refused: no further information
2024-01-08T18:27:54.626+02:00  INFO 20880 --- [user-service] [           main] o.s.cloud.context.scope.GenericScope     : BeanFactory id=604375c6-fbba-3512-93d9-ac2fbc5dc04f
2024-01-08T18:27:56.603+02:00  INFO 20880 --- [user-service] [           main] o.s.b.a.e.web.EndpointLinksResolver      : Exposing 1 endpoint(s) beneath base path '/actuator'
2024-01-08T18:27:56.788+02:00  INFO 20880 --- [user-service] [           main] c.i.m.u.UserServiceApplicationTests      : Started UserServiceApplicationTests in 4.59 seconds (process running for 6.426)
]]></system-out>
  </testcase>
</testsuite>